2018-05-19 13:59:40.291  INFO 8007 --- [restartedMain] com.leanovia.dashboard.DashboardApp      : The following profiles are active: swagger,dev
2018-05-19 13:59:50.712 DEBUG 8007 --- [restartedMain] c.l.dashboard.config.AsyncConfiguration  : Creating Async Task Executor
2018-05-19 13:59:53.460 DEBUG 8007 --- [restartedMain] c.l.d.config.MetricsConfiguration        : Registering JVM gauges
2018-05-19 13:59:53.618 DEBUG 8007 --- [restartedMain] c.l.d.config.MetricsConfiguration        : Monitoring the datasource
2018-05-19 13:59:53.992 DEBUG 8007 --- [restartedMain] c.l.d.config.MetricsConfiguration        : Initializing Metrics JMX reporting
2018-05-19 13:59:59.539 DEBUG 8007 --- [restartedMain] c.l.d.config.DatabaseConfiguration       : Configuring Liquibase
2018-05-19 13:59:59.621  WARN 8007 --- [dashboard-Executor-1] i.g.j.c.liquibase.AsyncSpringLiquibase   : Starting Liquibase asynchronously, your database might not be ready at startup!
2018-05-19 13:59:59.688 DEBUG 8007 --- [restartedMain] c.l.dashboard.config.CacheConfiguration  : Configuring Hazelcast
2018-05-19 13:59:59.765 DEBUG 8007 --- [restartedMain] c.l.dashboard.config.CacheConfiguration  : Configuring Hazelcast clustering for instanceId: dashboard
2018-05-19 13:59:59.770 DEBUG 8007 --- [restartedMain] c.l.dashboard.config.CacheConfiguration  : Application is running with the "dev" profile, Hazelcast cluster will only work with localhost instances
2018-05-19 14:00:00.333  INFO 8007 --- [restartedMain] com.netflix.discovery.DiscoveryClient    : Initializing Eureka in region us-east-1
2018-05-19 14:00:01.273  INFO 8007 --- [restartedMain] c.n.d.provider.DiscoveryJerseyProvider   : Using JSON encoding codec LegacyJacksonJson
2018-05-19 14:00:01.274  INFO 8007 --- [restartedMain] c.n.d.provider.DiscoveryJerseyProvider   : Using JSON decoding codec LegacyJacksonJson
2018-05-19 14:00:02.824  INFO 8007 --- [restartedMain] c.n.d.provider.DiscoveryJerseyProvider   : Using XML encoding codec XStreamXml
2018-05-19 14:00:02.829  INFO 8007 --- [restartedMain] c.n.d.provider.DiscoveryJerseyProvider   : Using XML decoding codec XStreamXml
2018-05-19 14:00:04.506  INFO 8007 --- [restartedMain] c.n.d.s.r.aws.ConfigClusterResolver      : Resolving eureka endpoints via configuration
2018-05-19 14:00:04.572  INFO 8007 --- [restartedMain] com.netflix.discovery.DiscoveryClient    : Disable delta property : false
2018-05-19 14:00:04.573  INFO 8007 --- [restartedMain] com.netflix.discovery.DiscoveryClient    : Single vip registry refresh property : null
2018-05-19 14:00:04.579  INFO 8007 --- [restartedMain] com.netflix.discovery.DiscoveryClient    : Force full registry fetch : false
2018-05-19 14:00:04.584  INFO 8007 --- [restartedMain] com.netflix.discovery.DiscoveryClient    : Application is null : false
2018-05-19 14:00:04.587  INFO 8007 --- [restartedMain] com.netflix.discovery.DiscoveryClient    : Registered Applications size is zero : true
2018-05-19 14:00:04.587  INFO 8007 --- [restartedMain] com.netflix.discovery.DiscoveryClient    : Application version is -1: true
2018-05-19 14:00:04.587  INFO 8007 --- [restartedMain] com.netflix.discovery.DiscoveryClient    : Getting all instance registry info from the eureka server
2018-05-19 14:00:04.815 DEBUG 8007 --- [dashboard-Executor-1] i.g.j.c.liquibase.AsyncSpringLiquibase   : Liquibase has updated your database in 5190 ms
2018-05-19 14:00:04.816  WARN 8007 --- [dashboard-Executor-1] i.g.j.c.liquibase.AsyncSpringLiquibase   : Warning, Liquibase took more than 5 seconds to start up!
2018-05-19 14:00:06.374  INFO 8007 --- [restartedMain] com.netflix.discovery.DiscoveryClient    : The response status is 200
2018-05-19 14:00:06.397  INFO 8007 --- [restartedMain] com.netflix.discovery.DiscoveryClient    : Starting heartbeat executor: renew interval is: 5
2018-05-19 14:00:06.410  INFO 8007 --- [restartedMain] c.n.discovery.InstanceInfoReplicator     : InstanceInfoReplicator onDemand update allowed rate per min is 12
2018-05-19 14:00:06.422  INFO 8007 --- [restartedMain] com.netflix.discovery.DiscoveryClient    : Discovery Client initialized at timestamp 1526731206418 with initial instances count: 0
2018-05-19 14:00:07.086  INFO 8007 --- [restartedMain] com.hazelcast.instance.AddressPicker     : [LOCAL] [dev] [3.9.3] Picked [127.0.0.1]:13781, using socket ServerSocket[addr=/0:0:0:0:0:0:0:0,localport=13781], bind any local is true
2018-05-19 14:00:07.176  INFO 8007 --- [restartedMain] com.hazelcast.system                     : [127.0.0.1]:13781 [dev] [3.9.3] Hazelcast 3.9.3 (20180216 - 539b124) starting at [127.0.0.1]:13781
2018-05-19 14:00:07.179  INFO 8007 --- [restartedMain] com.hazelcast.system                     : [127.0.0.1]:13781 [dev] [3.9.3] Copyright (c) 2008-2018, Hazelcast, Inc. All Rights Reserved.
2018-05-19 14:00:07.207  INFO 8007 --- [restartedMain] com.hazelcast.system                     : [127.0.0.1]:13781 [dev] [3.9.3] Configured Hazelcast Serialization version: 1
2018-05-19 14:00:08.433  INFO 8007 --- [restartedMain] c.h.s.i.o.impl.BackpressureRegulator     : [127.0.0.1]:13781 [dev] [3.9.3] Backpressure is disabled
2018-05-19 14:00:10.401  INFO 8007 --- [restartedMain] com.hazelcast.instance.Node              : [127.0.0.1]:13781 [dev] [3.9.3] Creating TcpIpJoiner
2018-05-19 14:00:10.836  INFO 8007 --- [restartedMain] c.h.s.i.o.impl.OperationExecutorImpl     : [127.0.0.1]:13781 [dev] [3.9.3] Starting 4 partition threads and 3 generic threads (1 dedicated for priority tasks)
2018-05-19 14:00:10.888  INFO 8007 --- [restartedMain] c.h.internal.diagnostics.Diagnostics     : [127.0.0.1]:13781 [dev] [3.9.3] Diagnostics disabled. To enable add -Dhazelcast.diagnostics.enabled=true to the JVM arguments.
2018-05-19 14:00:10.905  INFO 8007 --- [restartedMain] com.hazelcast.core.LifecycleService      : [127.0.0.1]:13781 [dev] [3.9.3] [127.0.0.1]:13781 is STARTING
2018-05-19 14:00:11.013  INFO 8007 --- [restartedMain] com.hazelcast.system                     : [127.0.0.1]:13781 [dev] [3.9.3] Cluster version set to 3.9
2018-05-19 14:00:11.015  INFO 8007 --- [restartedMain] c.h.internal.cluster.ClusterService      : [127.0.0.1]:13781 [dev] [3.9.3] 

Members {size:1, ver:1} [
	Member [127.0.0.1]:13781 - 736bddb5-5d7c-4434-8516-9f05ee4ea6fc this
]

2018-05-19 14:00:11.176  INFO 8007 --- [restartedMain] com.hazelcast.core.LifecycleService      : [127.0.0.1]:13781 [dev] [3.9.3] [127.0.0.1]:13781 is STARTED
2018-05-19 14:00:11.180  INFO 8007 --- [hz.dashboard.HealthMonitor] c.h.internal.diagnostics.HealthMonitor   : [127.0.0.1]:13781 [dev] [3.9.3] processors=4, physical.memory.total=11.2G, physical.memory.free=135.9M, swap.space.total=11.4G, swap.space.free=9.7G, heap.memory.used=408.8M, heap.memory.free=515.7M, heap.memory.total=924.5M, heap.memory.max=2.5G, heap.memory.used/total=44.22%, heap.memory.used/max=16.07%, minor.gc.count=13, minor.gc.time=446ms, major.gc.count=3, major.gc.time=706ms, load.process=16.67%, load.system=100.00%, load.systemAverage=7.98, thread.count=51, thread.peakCount=51, cluster.timeDiff=0, event.q.size=0, executor.q.async.size=0, executor.q.client.size=0, executor.q.query.size=0, executor.q.scheduled.size=0, executor.q.io.size=0, executor.q.system.size=0, executor.q.operations.size=0, executor.q.priorityOperation.size=0, operations.completed.count=1, executor.q.mapLoad.size=0, executor.q.mapLoadAllKeys.size=0, executor.q.cluster.size=0, executor.q.response.size=0, operations.running.count=0, operations.pending.invocations.percentage=0.00%, operations.pending.invocations.count=0, proxy.count=0, clientEndpoint.count=0, connection.active.count=0, client.connection.count=0, connection.count=0
2018-05-19 14:00:11.556  INFO 8007 --- [DiscoveryClient-HeartbeatExecutor-0] com.netflix.discovery.DiscoveryClient    : DiscoveryClient_DASHBOARD/dashboard:cb55cddd616449d88334fc9a497e16a3 - Re-registering apps/DASHBOARD
2018-05-19 14:00:11.559  INFO 8007 --- [DiscoveryClient-HeartbeatExecutor-0] com.netflix.discovery.DiscoveryClient    : DiscoveryClient_DASHBOARD/dashboard:cb55cddd616449d88334fc9a497e16a3: registering service...
2018-05-19 14:00:11.912  INFO 8007 --- [DiscoveryClient-HeartbeatExecutor-0] com.netflix.discovery.DiscoveryClient    : DiscoveryClient_DASHBOARD/dashboard:cb55cddd616449d88334fc9a497e16a3 - registration status: 204
2018-05-19 14:00:16.389  INFO 8007 --- [DiscoveryClient-CacheRefreshExecutor-0] com.netflix.discovery.DiscoveryClient    : Disable delta property : false
2018-05-19 14:00:16.391  INFO 8007 --- [DiscoveryClient-CacheRefreshExecutor-0] com.netflix.discovery.DiscoveryClient    : Single vip registry refresh property : null
2018-05-19 14:00:16.391  INFO 8007 --- [DiscoveryClient-CacheRefreshExecutor-0] com.netflix.discovery.DiscoveryClient    : Force full registry fetch : false
2018-05-19 14:00:16.392  INFO 8007 --- [DiscoveryClient-CacheRefreshExecutor-0] com.netflix.discovery.DiscoveryClient    : Application is null : false
2018-05-19 14:00:16.393  INFO 8007 --- [DiscoveryClient-CacheRefreshExecutor-0] com.netflix.discovery.DiscoveryClient    : Registered Applications size is zero : true
2018-05-19 14:00:16.394  INFO 8007 --- [DiscoveryClient-CacheRefreshExecutor-0] com.netflix.discovery.DiscoveryClient    : Application version is -1: false
2018-05-19 14:00:16.395  INFO 8007 --- [DiscoveryClient-CacheRefreshExecutor-0] com.netflix.discovery.DiscoveryClient    : Getting all instance registry info from the eureka server
2018-05-19 14:00:16.421  INFO 8007 --- [DiscoveryClient-CacheRefreshExecutor-0] com.netflix.discovery.DiscoveryClient    : The response status is 200
2018-05-19 14:00:21.565  WARN 8007 --- [restartedMain] c.n.c.sources.URLConfigurationSource     : No URLs will be polled as dynamic configuration sources.
2018-05-19 14:00:21.935 DEBUG 8007 --- [restartedMain] c.l.dashboard.config.WebConfigurer       : Registering CORS filter
2018-05-19 14:00:22.352  INFO 8007 --- [restartedMain] c.l.dashboard.config.WebConfigurer       : Web application configuration, using profiles: swagger
2018-05-19 14:00:22.353 DEBUG 8007 --- [restartedMain] c.l.dashboard.config.WebConfigurer       : Initializing Metrics registries
2018-05-19 14:00:22.367 DEBUG 8007 --- [restartedMain] c.l.dashboard.config.WebConfigurer       : Registering Metrics Filter
2018-05-19 14:00:22.369 DEBUG 8007 --- [restartedMain] c.l.dashboard.config.WebConfigurer       : Registering Metrics Servlet
2018-05-19 14:00:22.381  INFO 8007 --- [restartedMain] c.l.dashboard.config.WebConfigurer       : Web application fully configured
2018-05-19 14:00:25.689 DEBUG 8007 --- [restartedMain] c.l.dashboard.config.CacheConfiguration  : Starting HazelcastCacheManager
2018-05-19 14:00:26.424  INFO 8007 --- [DiscoveryClient-CacheRefreshExecutor-0] com.netflix.discovery.DiscoveryClient    : Disable delta property : false
2018-05-19 14:00:26.424  INFO 8007 --- [DiscoveryClient-CacheRefreshExecutor-0] com.netflix.discovery.DiscoveryClient    : Single vip registry refresh property : null
2018-05-19 14:00:26.426  INFO 8007 --- [DiscoveryClient-CacheRefreshExecutor-0] com.netflix.discovery.DiscoveryClient    : Force full registry fetch : false
2018-05-19 14:00:26.426  INFO 8007 --- [DiscoveryClient-CacheRefreshExecutor-0] com.netflix.discovery.DiscoveryClient    : Application is null : false
2018-05-19 14:00:26.426  INFO 8007 --- [DiscoveryClient-CacheRefreshExecutor-0] com.netflix.discovery.DiscoveryClient    : Registered Applications size is zero : true
2018-05-19 14:00:26.427  INFO 8007 --- [DiscoveryClient-CacheRefreshExecutor-0] com.netflix.discovery.DiscoveryClient    : Application version is -1: false
2018-05-19 14:00:26.427  INFO 8007 --- [DiscoveryClient-CacheRefreshExecutor-0] com.netflix.discovery.DiscoveryClient    : Getting all instance registry info from the eureka server
2018-05-19 14:00:26.463  INFO 8007 --- [DiscoveryClient-CacheRefreshExecutor-0] com.netflix.discovery.DiscoveryClient    : The response status is 200
2018-05-19 14:00:31.183  INFO 8007 --- [hz.dashboard.HealthMonitor] c.h.internal.diagnostics.HealthMonitor   : [127.0.0.1]:13781 [dev] [3.9.3] processors=4, physical.memory.total=11.2G, physical.memory.free=141.4M, swap.space.total=11.4G, swap.space.free=9.4G, heap.memory.used=836.1M, heap.memory.free=196.9M, heap.memory.total=1.0G, heap.memory.max=2.5G, heap.memory.used/total=80.94%, heap.memory.used/max=32.87%, minor.gc.count=14, minor.gc.time=534ms, major.gc.count=3, major.gc.time=706ms, load.process=0.00%, load.system=100.00%, load.systemAverage=8.05, thread.count=54, thread.peakCount=54, cluster.timeDiff=0, event.q.size=0, executor.q.async.size=0, executor.q.client.size=0, executor.q.query.size=0, executor.q.scheduled.size=0, executor.q.io.size=0, executor.q.system.size=0, executor.q.operations.size=0, executor.q.priorityOperation.size=0, operations.completed.count=1, executor.q.mapLoad.size=0, executor.q.mapLoadAllKeys.size=0, executor.q.cluster.size=0, executor.q.response.size=0, operations.running.count=0, operations.pending.invocations.percentage=0.00%, operations.pending.invocations.count=0, proxy.count=0, clientEndpoint.count=0, connection.active.count=0, client.connection.count=0, connection.count=0
2018-05-19 14:00:33.725  WARN 8007 --- [restartedMain] c.n.c.sources.URLConfigurationSource     : No URLs will be polled as dynamic configuration sources.
2018-05-19 14:00:35.708 DEBUG 8007 --- [restartedMain] i.g.j.c.apidoc.SwaggerAutoConfiguration  : Starting Swagger
2018-05-19 14:00:35.735 DEBUG 8007 --- [restartedMain] i.g.j.c.apidoc.SwaggerAutoConfiguration  : Started Swagger in 26 ms
2018-05-19 14:00:37.126  INFO 8007 --- [DiscoveryClient-CacheRefreshExecutor-0] com.netflix.discovery.DiscoveryClient    : Disable delta property : false
2018-05-19 14:00:37.126  INFO 8007 --- [DiscoveryClient-CacheRefreshExecutor-0] com.netflix.discovery.DiscoveryClient    : Single vip registry refresh property : null
2018-05-19 14:00:37.127  INFO 8007 --- [DiscoveryClient-CacheRefreshExecutor-0] com.netflix.discovery.DiscoveryClient    : Force full registry fetch : false
2018-05-19 14:00:37.127  INFO 8007 --- [DiscoveryClient-CacheRefreshExecutor-0] com.netflix.discovery.DiscoveryClient    : Application is null : false
2018-05-19 14:00:37.127  INFO 8007 --- [DiscoveryClient-CacheRefreshExecutor-0] com.netflix.discovery.DiscoveryClient    : Registered Applications size is zero : true
2018-05-19 14:00:37.127  INFO 8007 --- [DiscoveryClient-CacheRefreshExecutor-0] com.netflix.discovery.DiscoveryClient    : Application version is -1: false
2018-05-19 14:00:37.127  INFO 8007 --- [DiscoveryClient-CacheRefreshExecutor-0] com.netflix.discovery.DiscoveryClient    : Getting all instance registry info from the eureka server
2018-05-19 14:00:37.309  INFO 8007 --- [DiscoveryClient-CacheRefreshExecutor-0] com.netflix.discovery.DiscoveryClient    : The response status is 200
2018-05-19 14:00:38.978  INFO 8007 --- [restartedMain] com.netflix.discovery.DiscoveryClient    : Saw local status change event StatusChangeEvent [timestamp=1526731238978, current=UP, previous=STARTING]
2018-05-19 14:00:38.983  INFO 8007 --- [DiscoveryClient-InstanceInfoReplicator-0] com.netflix.discovery.DiscoveryClient    : DiscoveryClient_DASHBOARD/dashboard:cb55cddd616449d88334fc9a497e16a3: registering service...
2018-05-19 14:00:38.997  INFO 8007 --- [DiscoveryClient-InstanceInfoReplicator-0] com.netflix.discovery.DiscoveryClient    : DiscoveryClient_DASHBOARD/dashboard:cb55cddd616449d88334fc9a497e16a3 - registration status: 204
2018-05-19 14:00:39.770 DEBUG 8007 --- [restartedMain] c.l.d.config.OAuth2Configuration$1       : Initializing filter 'oncePerRequestFilter'
2018-05-19 14:00:39.771 DEBUG 8007 --- [restartedMain] c.l.d.config.OAuth2Configuration$1       : Filter 'oncePerRequestFilter' configured successfully
2018-05-19 14:00:39.959  INFO 8007 --- [restartedMain] com.leanovia.dashboard.DashboardApp      : Started DashboardApp in 70.165 seconds (JVM running for 71.433)
2018-05-19 14:00:39.972  INFO 8007 --- [restartedMain] com.leanovia.dashboard.DashboardApp      : 
----------------------------------------------------------
	Application 'dashboard' is running! Access URLs:
	Local: 		http://localhost:8080
	External: 	http://127.0.1.1:8080
	Profile(s): 	[swagger, dev]
----------------------------------------------------------
2018-05-19 14:00:39.972  INFO 8007 --- [restartedMain] com.leanovia.dashboard.DashboardApp      : 
----------------------------------------------------------
	Config Server: 	Connected to the JHipster Registry config server!
----------------------------------------------------------
2018-05-19 14:02:11.188  INFO 8007 --- [hz.dashboard.HealthMonitor] c.h.internal.diagnostics.HealthMonitor   : [127.0.0.1]:13781 [dev] [3.9.3] processors=4, physical.memory.total=11.2G, physical.memory.free=137.1M, swap.space.total=11.4G, swap.space.free=9.3G, heap.memory.used=676.8M, heap.memory.free=404.7M, heap.memory.total=1.1G, heap.memory.max=2.5G, heap.memory.used/total=62.58%, heap.memory.used/max=26.61%, minor.gc.count=16, minor.gc.time=684ms, major.gc.count=4, major.gc.time=1151ms, load.process=0.00%, load.system=0.00%, load.systemAverage=4.89, thread.count=59, thread.peakCount=61, cluster.timeDiff=0, event.q.size=0, executor.q.async.size=0, executor.q.client.size=0, executor.q.query.size=0, executor.q.scheduled.size=0, executor.q.io.size=0, executor.q.system.size=0, executor.q.operations.size=0, executor.q.priorityOperation.size=0, operations.completed.count=1, executor.q.mapLoad.size=0, executor.q.mapLoadAllKeys.size=0, executor.q.cluster.size=0, executor.q.response.size=0, operations.running.count=0, operations.pending.invocations.percentage=0.00%, operations.pending.invocations.count=0, proxy.count=0, clientEndpoint.count=0, connection.active.count=0, client.connection.count=0, connection.count=0
2018-05-19 14:02:27.032 DEBUG 8007 --- [XNIO-2 task-1] c.l.d.config.OAuth2Configuration         : Saving login origin URI: http://localhost:9000/
2018-05-19 14:02:31.191  INFO 8007 --- [hz.dashboard.HealthMonitor] c.h.internal.diagnostics.HealthMonitor   : [127.0.0.1]:13781 [dev] [3.9.3] processors=4, physical.memory.total=11.2G, physical.memory.free=152.6M, swap.space.total=11.4G, swap.space.free=9.3G, heap.memory.used=707.4M, heap.memory.free=374.1M, heap.memory.total=1.1G, heap.memory.max=2.5G, heap.memory.used/total=65.41%, heap.memory.used/max=27.81%, minor.gc.count=16, minor.gc.time=684ms, major.gc.count=4, major.gc.time=1151ms, load.process=0.00%, load.system=100.00%, load.systemAverage=6.20, thread.count=60, thread.peakCount=61, cluster.timeDiff=0, event.q.size=0, executor.q.async.size=0, executor.q.client.size=0, executor.q.query.size=0, executor.q.scheduled.size=0, executor.q.io.size=0, executor.q.system.size=0, executor.q.operations.size=0, executor.q.priorityOperation.size=0, operations.completed.count=1, executor.q.mapLoad.size=0, executor.q.mapLoadAllKeys.size=0, executor.q.cluster.size=0, executor.q.response.size=0, operations.running.count=0, operations.pending.invocations.percentage=0.00%, operations.pending.invocations.count=0, proxy.count=0, clientEndpoint.count=0, connection.active.count=0, client.connection.count=0, connection.count=0
2018-05-19 14:02:37.736  INFO 8007 --- [XNIO-2 task-2] c.h.i.p.impl.PartitionStateManager       : [127.0.0.1]:13781 [dev] [3.9.3] Initializing cluster partition table arrangement...
2018-05-19 14:02:38.086 DEBUG 8007 --- [XNIO-2 task-2] c.l.d.s.o.CachedUserInfoTokenServices    : Getting user info from: http://localhost:9080/auth/realms/jhipster/protocol/openid-connect/userinfo
2018-05-19 14:02:38.397 DEBUG 8007 --- [XNIO-2 task-2] c.l.dashboard.aop.logging.LoggingAspect  : Enter: com.leanovia.dashboard.repository.CustomAuditEventRepository.add() with argument[s] = [AuditEvent [timestamp=2018-05-19T12:02:38.291Z, principal=aimen.el-abidi@leanovia.com, type=AUTHENTICATION_SUCCESS, data={details=remoteAddress=0:0:0:0:0:0:0:1, sessionId=<SESSION>, tokenType=bearertokenValue=<TOKEN>}]]
2018-05-19 14:02:38.824 DEBUG 8007 --- [XNIO-2 task-2] c.l.dashboard.aop.logging.LoggingAspect  : Exit: com.leanovia.dashboard.repository.CustomAuditEventRepository.add() with result = null
2018-05-19 14:02:38.890 DEBUG 8007 --- [XNIO-2 task-2] l.d.s.OAuth2AuthenticationSuccessHandler : Redirecting to saved login origin URI: http://localhost:9000/
2018-05-19 14:02:44.231 DEBUG 8007 --- [XNIO-2 task-3] c.l.dashboard.aop.logging.LoggingAspect  : Enter: com.leanovia.dashboard.repository.CustomAuditEventRepository.add() with argument[s] = [AuditEvent [timestamp=2018-05-19T12:02:44.226Z, principal=aimen.el-abidi@leanovia.com, type=AUTHORIZATION_FAILURE, data={details=remoteAddress=0:0:0:0:0:0:0:1, sessionId=<SESSION>, tokenType=bearertokenValue=<TOKEN>, type=org.springframework.security.access.AccessDeniedException, message=Access is denied}]]
2018-05-19 14:02:44.235 DEBUG 8007 --- [XNIO-2 task-3] c.l.dashboard.aop.logging.LoggingAspect  : Exit: com.leanovia.dashboard.repository.CustomAuditEventRepository.add() with result = null
2018-05-19 14:02:44.332  WARN 8007 --- [XNIO-2 task-4] o.s.c.n.zuul.web.ZuulHandlerMapping      : No routes found from RouteLocator
2018-05-19 14:02:44.407 DEBUG 8007 --- [XNIO-2 task-4] c.l.dashboard.aop.logging.LoggingAspect  : Enter: com.leanovia.dashboard.web.rest.AccountResource.getAccount() with argument[s] = [org.springframework.security.oauth2.provider.OAuth2Authentication@55141d1d: Principal: aimen.el-abidi@leanovia.com; Credentials: [PROTECTED]; Authenticated: true; Details: remoteAddress=0:0:0:0:0:0:0:1, sessionId=<SESSION>, tokenType=bearertokenValue=<TOKEN>; Not granted any authorities]
2018-05-19 14:02:44.470 DEBUG 8007 --- [XNIO-2 task-4] c.l.dashboard.aop.logging.LoggingAspect  : Enter: com.leanovia.dashboard.service.UserService.getUserFromAuthentication() with argument[s] = [org.springframework.security.oauth2.provider.OAuth2Authentication@55141d1d: Principal: aimen.el-abidi@leanovia.com; Credentials: [PROTECTED]; Authenticated: true; Details: remoteAddress=0:0:0:0:0:0:0:1, sessionId=<SESSION>, tokenType=bearertokenValue=<TOKEN>; Not granted any authorities]
2018-05-19 14:02:45.284 DEBUG 8007 --- [XNIO-2 task-4] c.l.dashboard.service.UserService        : Updating user 'aimen.el-abidi@leanovia.com' in local database
2018-05-19 14:02:45.313 DEBUG 8007 --- [XNIO-2 task-4] c.l.dashboard.service.UserService        : Changed Information for User: User{login='aimen.el-abidi@leanovia.com', firstName='Aimen El', lastName='Abidi', email='aimen.el-abidi@leanovia.com', imageUrl='null', activated='true', langKey='null'}
2018-05-19 14:02:45.314 DEBUG 8007 --- [XNIO-2 task-4] c.l.dashboard.aop.logging.LoggingAspect  : Exit: com.leanovia.dashboard.service.UserService.getUserFromAuthentication() with result = UserDTO{login='aimen.el-abidi@leanovia.com', firstName='Aimen El', lastName='Abidi', email='aimen.el-abidi@leanovia.com', imageUrl='null', activated=true, langKey='null', createdBy=null, createdDate=2018-05-19T12:02:44.519Z, lastModifiedBy='null', lastModifiedDate=2018-05-19T12:02:44.519Z, authorities=[]}
2018-05-19 14:02:45.317 DEBUG 8007 --- [XNIO-2 task-4] c.l.dashboard.aop.logging.LoggingAspect  : Exit: com.leanovia.dashboard.web.rest.AccountResource.getAccount() with result = UserDTO{login='aimen.el-abidi@leanovia.com', firstName='Aimen El', lastName='Abidi', email='aimen.el-abidi@leanovia.com', imageUrl='null', activated=true, langKey='null', createdBy=null, createdDate=2018-05-19T12:02:44.519Z, lastModifiedBy='null', lastModifiedDate=2018-05-19T12:02:44.519Z, authorities=[]}
2018-05-19 14:02:51.193  INFO 8007 --- [hz.dashboard.HealthMonitor] c.h.internal.diagnostics.HealthMonitor   : [127.0.0.1]:13781 [dev] [3.9.3] processors=4, physical.memory.total=11.2G, physical.memory.free=145.8M, swap.space.total=11.4G, swap.space.free=9.2G, heap.memory.used=793.3M, heap.memory.free=288.2M, heap.memory.total=1.1G, heap.memory.max=2.5G, heap.memory.used/total=73.35%, heap.memory.used/max=31.18%, minor.gc.count=16, minor.gc.time=684ms, major.gc.count=4, major.gc.time=1151ms, load.process=0.00%, load.system=0.00%, load.systemAverage=6.89, thread.count=64, thread.peakCount=65, cluster.timeDiff=0, event.q.size=0, executor.q.async.size=0, executor.q.client.size=0, executor.q.query.size=0, executor.q.scheduled.size=0, executor.q.io.size=0, executor.q.system.size=0, executor.q.operations.size=0, executor.q.priorityOperation.size=0, operations.completed.count=5, executor.q.mapLoad.size=0, executor.q.mapLoadAllKeys.size=0, executor.q.cluster.size=0, executor.q.response.size=0, operations.running.count=0, operations.pending.invocations.percentage=0.00%, operations.pending.invocations.count=0, proxy.count=0, clientEndpoint.count=0, connection.active.count=0, client.connection.count=0, connection.count=0
2018-05-19 14:03:11.204  INFO 8007 --- [hz.dashboard.HealthMonitor] c.h.internal.diagnostics.HealthMonitor   : [127.0.0.1]:13781 [dev] [3.9.3] processors=4, physical.memory.total=11.2G, physical.memory.free=131.5M, swap.space.total=11.4G, swap.space.free=9.0G, heap.memory.used=800.6M, heap.memory.free=280.9M, heap.memory.total=1.1G, heap.memory.max=2.5G, heap.memory.used/total=74.03%, heap.memory.used/max=31.47%, minor.gc.count=16, minor.gc.time=684ms, major.gc.count=4, major.gc.time=1151ms, load.process=0.00%, load.system=100.00%, load.systemAverage=6.79, thread.count=64, thread.peakCount=65, cluster.timeDiff=0, event.q.size=0, executor.q.async.size=0, executor.q.client.size=0, executor.q.query.size=0, executor.q.scheduled.size=0, executor.q.io.size=0, executor.q.system.size=0, executor.q.operations.size=0, executor.q.priorityOperation.size=0, operations.completed.count=5, executor.q.mapLoad.size=0, executor.q.mapLoadAllKeys.size=0, executor.q.cluster.size=0, executor.q.response.size=0, operations.running.count=0, operations.pending.invocations.percentage=0.00%, operations.pending.invocations.count=0, proxy.count=0, clientEndpoint.count=0, connection.active.count=0, client.connection.count=0, connection.count=0
2018-05-19 14:03:31.206  INFO 8007 --- [hz.dashboard.HealthMonitor] c.h.internal.diagnostics.HealthMonitor   : [127.0.0.1]:13781 [dev] [3.9.3] processors=4, physical.memory.total=11.2G, physical.memory.free=148.6M, swap.space.total=11.4G, swap.space.free=8.6G, heap.memory.used=808.0M, heap.memory.free=273.5M, heap.memory.total=1.1G, heap.memory.max=2.5G, heap.memory.used/total=74.71%, heap.memory.used/max=31.76%, minor.gc.count=16, minor.gc.time=684ms, major.gc.count=4, major.gc.time=1151ms, load.process=0.00%, load.system=0.00%, load.systemAverage=5.96, thread.count=64, thread.peakCount=65, cluster.timeDiff=0, event.q.size=0, executor.q.async.size=0, executor.q.client.size=0, executor.q.query.size=0, executor.q.scheduled.size=0, executor.q.io.size=0, executor.q.system.size=0, executor.q.operations.size=0, executor.q.priorityOperation.size=0, operations.completed.count=5, executor.q.mapLoad.size=0, executor.q.mapLoadAllKeys.size=0, executor.q.cluster.size=0, executor.q.response.size=0, operations.running.count=0, operations.pending.invocations.percentage=0.00%, operations.pending.invocations.count=0, proxy.count=0, clientEndpoint.count=0, connection.active.count=0, client.connection.count=0, connection.count=0
2018-05-19 14:03:46.608 DEBUG 8007 --- [XNIO-2 task-6] c.l.d.config.OAuth2Configuration         : Saving login origin URI: http://localhost:9000/
2018-05-19 14:03:47.015 DEBUG 8007 --- [XNIO-2 task-7] c.l.d.s.o.CachedUserInfoTokenServices    : Getting user info from: http://localhost:9080/auth/realms/jhipster/protocol/openid-connect/userinfo
2018-05-19 14:03:47.135 DEBUG 8007 --- [XNIO-2 task-7] c.l.dashboard.aop.logging.LoggingAspect  : Enter: com.leanovia.dashboard.repository.CustomAuditEventRepository.add() with argument[s] = [AuditEvent [timestamp=2018-05-19T12:03:47.106Z, principal=aimen.el-abidi@leanovia.com, type=AUTHENTICATION_SUCCESS, data={details=remoteAddress=0:0:0:0:0:0:0:1, sessionId=<SESSION>, tokenType=bearertokenValue=<TOKEN>}]]
2018-05-19 14:03:47.160 DEBUG 8007 --- [XNIO-2 task-7] c.l.dashboard.aop.logging.LoggingAspect  : Exit: com.leanovia.dashboard.repository.CustomAuditEventRepository.add() with result = null
2018-05-19 14:03:47.184 DEBUG 8007 --- [XNIO-2 task-7] l.d.s.OAuth2AuthenticationSuccessHandler : Redirecting to saved login origin URI: http://localhost:9000/
2018-05-19 14:03:50.294 DEBUG 8007 --- [XNIO-2 task-9] c.l.dashboard.aop.logging.LoggingAspect  : Enter: com.leanovia.dashboard.web.rest.AccountResource.getAccount() with argument[s] = [org.springframework.security.oauth2.provider.OAuth2Authentication@ed4731b8: Principal: aimen.el-abidi@leanovia.com; Credentials: [PROTECTED]; Authenticated: true; Details: remoteAddress=0:0:0:0:0:0:0:1, sessionId=<SESSION>, tokenType=bearertokenValue=<TOKEN>; Granted Authorities: ROLE_ADMIN, uma_authorization, offline_access, ROLE_USER]
2018-05-19 14:03:50.296 DEBUG 8007 --- [XNIO-2 task-9] c.l.dashboard.aop.logging.LoggingAspect  : Enter: com.leanovia.dashboard.service.UserService.getUserFromAuthentication() with argument[s] = [org.springframework.security.oauth2.provider.OAuth2Authentication@ed4731b8: Principal: aimen.el-abidi@leanovia.com; Credentials: [PROTECTED]; Authenticated: true; Details: remoteAddress=0:0:0:0:0:0:0:1, sessionId=<SESSION>, tokenType=bearertokenValue=<TOKEN>; Granted Authorities: ROLE_ADMIN, uma_authorization, offline_access, ROLE_USER]
2018-05-19 14:03:50.320 DEBUG 8007 --- [XNIO-2 task-9] c.l.dashboard.service.UserService        : Updating user 'aimen.el-abidi@leanovia.com' in local database
2018-05-19 14:03:50.324 DEBUG 8007 --- [XNIO-2 task-9] c.l.dashboard.service.UserService        : Changed Information for User: User{login='aimen.el-abidi@leanovia.com', firstName='Aimen El', lastName='Abidi', email='aimen.el-abidi@leanovia.com', imageUrl='null', activated='true', langKey='null'}
2018-05-19 14:03:50.325 DEBUG 8007 --- [XNIO-2 task-9] c.l.dashboard.aop.logging.LoggingAspect  : Exit: com.leanovia.dashboard.service.UserService.getUserFromAuthentication() with result = UserDTO{login='aimen.el-abidi@leanovia.com', firstName='Aimen El', lastName='Abidi', email='aimen.el-abidi@leanovia.com', imageUrl='null', activated=true, langKey='null', createdBy=null, createdDate=2018-05-19T12:03:50.296Z, lastModifiedBy='null', lastModifiedDate=2018-05-19T12:03:50.296Z, authorities=[ROLE_USER, ROLE_ADMIN]}
2018-05-19 14:03:50.326 DEBUG 8007 --- [XNIO-2 task-9] c.l.dashboard.aop.logging.LoggingAspect  : Exit: com.leanovia.dashboard.web.rest.AccountResource.getAccount() with result = UserDTO{login='aimen.el-abidi@leanovia.com', firstName='Aimen El', lastName='Abidi', email='aimen.el-abidi@leanovia.com', imageUrl='null', activated=true, langKey='null', createdBy=null, createdDate=2018-05-19T12:03:50.296Z, lastModifiedBy='null', lastModifiedDate=2018-05-19T12:03:50.296Z, authorities=[ROLE_USER, ROLE_ADMIN]}
2018-05-19 14:03:58.668 DEBUG 8007 --- [XNIO-2 task-10] c.l.dashboard.aop.logging.LoggingAspect  : Enter: com.leanovia.dashboard.web.rest.UserResource.getAllUsers() with argument[s] = []
2018-05-19 14:03:58.682 DEBUG 8007 --- [XNIO-2 task-10] c.l.d.client.ConsultantFeignClient       : [ConsultantFeignClient#getAll] ---> GET http://consultant/api/all HTTP/1.1
2018-05-19 14:04:01.186 DEBUG 8007 --- [XNIO-2 task-10] c.l.d.client.ConsultantFeignClient       : [ConsultantFeignClient#getAll] <--- HTTP/1.1 200 OK (2503ms)
2018-05-19 14:04:01.205 DEBUG 8007 --- [XNIO-2 task-10] c.l.dashboard.aop.logging.LoggingAspect  : Exit: com.leanovia.dashboard.web.rest.UserResource.getAllUsers() with result = from the consultant MS ! [User{id='12cf52f6-7515-4704-be99-862794a284dd', login='aimen.el-abidi@leanovia.com', firstName='Aimen El', lastName='Abidi', email='aimen.el-abidi@leanovia.com', activated=true, langKey='null', imageUrl='null', authorities=[Authority{name='ROLE_USER'}, Authority{name='ROLE_ADMIN'}]}]
2018-05-19 14:04:13.436 DEBUG 8007 --- [XNIO-2 task-12] c.l.dashboard.aop.logging.LoggingAspect  : Enter: com.leanovia.dashboard.web.rest.AccountResource.getAccount() with argument[s] = [org.springframework.security.oauth2.provider.OAuth2Authentication@77333e7a: Principal: org.springframework.security.core.userdetails.User@bb46bdd1: Username: aimen.el-abidi@leanovia.com; Password: [PROTECTED]; Enabled: true; AccountNonExpired: true; credentialsNonExpired: true; AccountNonLocked: true; Granted Authorities: ROLE_ADMIN,ROLE_USER; Credentials: [PROTECTED]; Authenticated: true; Details: remoteAddress=0:0:0:0:0:0:0:1, sessionId=<SESSION>, tokenType=bearertokenValue=<TOKEN>; Granted Authorities: ROLE_USER, ROLE_ADMIN]
2018-05-19 14:04:13.447 DEBUG 8007 --- [XNIO-2 task-12] c.l.dashboard.aop.logging.LoggingAspect  : Enter: com.leanovia.dashboard.service.UserService.getUserFromAuthentication() with argument[s] = [org.springframework.security.oauth2.provider.OAuth2Authentication@77333e7a: Principal: org.springframework.security.core.userdetails.User@bb46bdd1: Username: aimen.el-abidi@leanovia.com; Password: [PROTECTED]; Enabled: true; AccountNonExpired: true; credentialsNonExpired: true; AccountNonLocked: true; Granted Authorities: ROLE_ADMIN,ROLE_USER; Credentials: [PROTECTED]; Authenticated: true; Details: remoteAddress=0:0:0:0:0:0:0:1, sessionId=<SESSION>, tokenType=bearertokenValue=<TOKEN>; Granted Authorities: ROLE_USER, ROLE_ADMIN]
2018-05-19 14:04:13.460 DEBUG 8007 --- [XNIO-2 task-12] c.l.dashboard.service.UserService        : Updating user 'aimen.el-abidi@leanovia.com' in local database
2018-05-19 14:04:13.467 DEBUG 8007 --- [XNIO-2 task-12] c.l.dashboard.service.UserService        : Changed Information for User: User{login='aimen.el-abidi@leanovia.com', firstName='Aimen El', lastName='Abidi', email='aimen.el-abidi@leanovia.com', imageUrl='null', activated='true', langKey='null'}
2018-05-19 14:04:13.468 DEBUG 8007 --- [XNIO-2 task-12] c.l.dashboard.aop.logging.LoggingAspect  : Exit: com.leanovia.dashboard.service.UserService.getUserFromAuthentication() with result = UserDTO{login='aimen.el-abidi@leanovia.com', firstName='Aimen El', lastName='Abidi', email='aimen.el-abidi@leanovia.com', imageUrl='null', activated=true, langKey='null', createdBy=null, createdDate=2018-05-19T12:04:13.449Z, lastModifiedBy='null', lastModifiedDate=2018-05-19T12:04:13.449Z, authorities=[ROLE_USER, ROLE_ADMIN]}
2018-05-19 14:04:13.471 DEBUG 8007 --- [XNIO-2 task-12] c.l.dashboard.aop.logging.LoggingAspect  : Exit: com.leanovia.dashboard.web.rest.AccountResource.getAccount() with result = UserDTO{login='aimen.el-abidi@leanovia.com', firstName='Aimen El', lastName='Abidi', email='aimen.el-abidi@leanovia.com', imageUrl='null', activated=true, langKey='null', createdBy=null, createdDate=2018-05-19T12:04:13.449Z, lastModifiedBy='null', lastModifiedDate=2018-05-19T12:04:13.449Z, authorities=[ROLE_USER, ROLE_ADMIN]}
2018-05-19 14:05:04.596  INFO 8007 --- [AsyncResolver-bootstrap-executor-0] c.n.d.s.r.aws.ConfigClusterResolver      : Resolving eureka endpoints via configuration
2018-05-19 14:59:43.287  INFO 19958 --- [restartedMain] com.leanovia.dashboard.DashboardApp      : The following profiles are active: swagger,dev
2018-05-19 14:59:48.867 DEBUG 19958 --- [restartedMain] c.l.dashboard.config.AsyncConfiguration  : Creating Async Task Executor
2018-05-19 14:59:50.288 DEBUG 19958 --- [restartedMain] c.l.d.config.MetricsConfiguration        : Registering JVM gauges
2018-05-19 14:59:50.428 DEBUG 19958 --- [restartedMain] c.l.d.config.MetricsConfiguration        : Monitoring the datasource
2018-05-19 14:59:50.745 DEBUG 19958 --- [restartedMain] c.l.d.config.MetricsConfiguration        : Initializing Metrics JMX reporting
2018-05-19 14:59:53.820 DEBUG 19958 --- [restartedMain] c.l.d.config.DatabaseConfiguration       : Configuring Liquibase
2018-05-19 14:59:53.853  WARN 19958 --- [dashboard-Executor-1] i.g.j.c.liquibase.AsyncSpringLiquibase   : Starting Liquibase asynchronously, your database might not be ready at startup!
2018-05-19 14:59:53.919 DEBUG 19958 --- [restartedMain] c.l.dashboard.config.CacheConfiguration  : Configuring Hazelcast
2018-05-19 14:59:54.058 DEBUG 19958 --- [restartedMain] c.l.dashboard.config.CacheConfiguration  : Configuring Hazelcast clustering for instanceId: dashboard
2018-05-19 14:59:54.067 DEBUG 19958 --- [restartedMain] c.l.dashboard.config.CacheConfiguration  : Application is running with the "dev" profile, Hazelcast cluster will only work with localhost instances
2018-05-19 14:59:54.563  INFO 19958 --- [restartedMain] com.netflix.discovery.DiscoveryClient    : Initializing Eureka in region us-east-1
2018-05-19 14:59:55.084  INFO 19958 --- [restartedMain] c.n.d.provider.DiscoveryJerseyProvider   : Using JSON encoding codec LegacyJacksonJson
2018-05-19 14:59:55.086  INFO 19958 --- [restartedMain] c.n.d.provider.DiscoveryJerseyProvider   : Using JSON decoding codec LegacyJacksonJson
2018-05-19 14:59:55.948  INFO 19958 --- [restartedMain] c.n.d.provider.DiscoveryJerseyProvider   : Using XML encoding codec XStreamXml
2018-05-19 14:59:55.951  INFO 19958 --- [restartedMain] c.n.d.provider.DiscoveryJerseyProvider   : Using XML decoding codec XStreamXml
2018-05-19 14:59:56.614  INFO 19958 --- [restartedMain] c.n.d.s.r.aws.ConfigClusterResolver      : Resolving eureka endpoints via configuration
2018-05-19 14:59:56.700  INFO 19958 --- [restartedMain] com.netflix.discovery.DiscoveryClient    : Disable delta property : false
2018-05-19 14:59:56.700  INFO 19958 --- [restartedMain] com.netflix.discovery.DiscoveryClient    : Single vip registry refresh property : null
2018-05-19 14:59:56.701  INFO 19958 --- [restartedMain] com.netflix.discovery.DiscoveryClient    : Force full registry fetch : false
2018-05-19 14:59:56.701  INFO 19958 --- [restartedMain] com.netflix.discovery.DiscoveryClient    : Application is null : false
2018-05-19 14:59:56.702  INFO 19958 --- [restartedMain] com.netflix.discovery.DiscoveryClient    : Registered Applications size is zero : true
2018-05-19 14:59:56.702  INFO 19958 --- [restartedMain] com.netflix.discovery.DiscoveryClient    : Application version is -1: true
2018-05-19 14:59:56.703  INFO 19958 --- [restartedMain] com.netflix.discovery.DiscoveryClient    : Getting all instance registry info from the eureka server
2018-05-19 14:59:57.355  INFO 19958 --- [restartedMain] com.netflix.discovery.DiscoveryClient    : The response status is 200
2018-05-19 14:59:57.363  INFO 19958 --- [restartedMain] com.netflix.discovery.DiscoveryClient    : Starting heartbeat executor: renew interval is: 5
2018-05-19 14:59:57.373  INFO 19958 --- [restartedMain] c.n.discovery.InstanceInfoReplicator     : InstanceInfoReplicator onDemand update allowed rate per min is 12
2018-05-19 14:59:57.383  INFO 19958 --- [restartedMain] com.netflix.discovery.DiscoveryClient    : Discovery Client initialized at timestamp 1526734797380 with initial instances count: 1
2018-05-19 14:59:57.437 DEBUG 19958 --- [dashboard-Executor-1] i.g.j.c.liquibase.AsyncSpringLiquibase   : Liquibase has updated your database in 3565 ms
2018-05-19 14:59:57.556  INFO 19958 --- [restartedMain] com.hazelcast.instance.AddressPicker     : [LOCAL] [dev] [3.9.3] Picked [127.0.0.1]:13781, using socket ServerSocket[addr=/0:0:0:0:0:0:0:0,localport=13781], bind any local is true
2018-05-19 14:59:57.600  INFO 19958 --- [restartedMain] com.hazelcast.system                     : [127.0.0.1]:13781 [dev] [3.9.3] Hazelcast 3.9.3 (20180216 - 539b124) starting at [127.0.0.1]:13781
2018-05-19 14:59:57.600  INFO 19958 --- [restartedMain] com.hazelcast.system                     : [127.0.0.1]:13781 [dev] [3.9.3] Copyright (c) 2008-2018, Hazelcast, Inc. All Rights Reserved.
2018-05-19 14:59:57.601  INFO 19958 --- [restartedMain] com.hazelcast.system                     : [127.0.0.1]:13781 [dev] [3.9.3] Configured Hazelcast Serialization version: 1
2018-05-19 14:59:58.108  INFO 19958 --- [restartedMain] c.h.s.i.o.impl.BackpressureRegulator     : [127.0.0.1]:13781 [dev] [3.9.3] Backpressure is disabled
2018-05-19 14:59:59.262  INFO 19958 --- [restartedMain] com.hazelcast.instance.Node              : [127.0.0.1]:13781 [dev] [3.9.3] Creating TcpIpJoiner
2018-05-19 14:59:59.564  INFO 19958 --- [restartedMain] c.h.s.i.o.impl.OperationExecutorImpl     : [127.0.0.1]:13781 [dev] [3.9.3] Starting 4 partition threads and 3 generic threads (1 dedicated for priority tasks)
2018-05-19 14:59:59.571  INFO 19958 --- [restartedMain] c.h.internal.diagnostics.Diagnostics     : [127.0.0.1]:13781 [dev] [3.9.3] Diagnostics disabled. To enable add -Dhazelcast.diagnostics.enabled=true to the JVM arguments.
2018-05-19 14:59:59.581  INFO 19958 --- [restartedMain] com.hazelcast.core.LifecycleService      : [127.0.0.1]:13781 [dev] [3.9.3] [127.0.0.1]:13781 is STARTING
2018-05-19 14:59:59.616  INFO 19958 --- [restartedMain] com.hazelcast.system                     : [127.0.0.1]:13781 [dev] [3.9.3] Cluster version set to 3.9
2018-05-19 14:59:59.617  INFO 19958 --- [restartedMain] c.h.internal.cluster.ClusterService      : [127.0.0.1]:13781 [dev] [3.9.3] 

Members {size:1, ver:1} [
	Member [127.0.0.1]:13781 - ad502885-e922-4ed8-a0f8-9a28853ff7ec this
]

2018-05-19 14:59:59.662  INFO 19958 --- [restartedMain] com.hazelcast.core.LifecycleService      : [127.0.0.1]:13781 [dev] [3.9.3] [127.0.0.1]:13781 is STARTED
2018-05-19 15:00:02.417  INFO 19958 --- [DiscoveryClient-HeartbeatExecutor-0] com.netflix.discovery.DiscoveryClient    : DiscoveryClient_DASHBOARD/dashboard:30f2ad95c18f1d7c34162e22c9cced27 - Re-registering apps/DASHBOARD
2018-05-19 15:00:02.418  INFO 19958 --- [DiscoveryClient-HeartbeatExecutor-0] com.netflix.discovery.DiscoveryClient    : DiscoveryClient_DASHBOARD/dashboard:30f2ad95c18f1d7c34162e22c9cced27: registering service...
2018-05-19 15:00:02.503  INFO 19958 --- [DiscoveryClient-HeartbeatExecutor-0] com.netflix.discovery.DiscoveryClient    : DiscoveryClient_DASHBOARD/dashboard:30f2ad95c18f1d7c34162e22c9cced27 - registration status: 204
2018-05-19 15:00:04.763  WARN 19958 --- [restartedMain] c.n.c.sources.URLConfigurationSource     : No URLs will be polled as dynamic configuration sources.
2018-05-19 15:00:05.023 DEBUG 19958 --- [restartedMain] c.l.dashboard.config.WebConfigurer       : Registering CORS filter
2018-05-19 15:00:05.473  INFO 19958 --- [restartedMain] c.l.dashboard.config.WebConfigurer       : Web application configuration, using profiles: swagger
2018-05-19 15:00:05.476 DEBUG 19958 --- [restartedMain] c.l.dashboard.config.WebConfigurer       : Initializing Metrics registries
2018-05-19 15:00:05.505 DEBUG 19958 --- [restartedMain] c.l.dashboard.config.WebConfigurer       : Registering Metrics Filter
2018-05-19 15:00:05.507 DEBUG 19958 --- [restartedMain] c.l.dashboard.config.WebConfigurer       : Registering Metrics Servlet
2018-05-19 15:00:05.516  INFO 19958 --- [restartedMain] c.l.dashboard.config.WebConfigurer       : Web application fully configured
2018-05-19 15:00:07.073 DEBUG 19958 --- [restartedMain] c.l.dashboard.config.CacheConfiguration  : Starting HazelcastCacheManager
2018-05-19 15:00:11.209  WARN 19958 --- [restartedMain] c.n.c.sources.URLConfigurationSource     : No URLs will be polled as dynamic configuration sources.
2018-05-19 15:00:13.027 DEBUG 19958 --- [restartedMain] i.g.j.c.apidoc.SwaggerAutoConfiguration  : Starting Swagger
2018-05-19 15:00:13.054 DEBUG 19958 --- [restartedMain] i.g.j.c.apidoc.SwaggerAutoConfiguration  : Started Swagger in 24 ms
2018-05-19 15:00:15.497  INFO 19958 --- [restartedMain] com.netflix.discovery.DiscoveryClient    : Saw local status change event StatusChangeEvent [timestamp=1526734815497, current=UP, previous=STARTING]
2018-05-19 15:00:15.500  INFO 19958 --- [DiscoveryClient-InstanceInfoReplicator-0] com.netflix.discovery.DiscoveryClient    : DiscoveryClient_DASHBOARD/dashboard:30f2ad95c18f1d7c34162e22c9cced27: registering service...
2018-05-19 15:00:15.521  INFO 19958 --- [DiscoveryClient-InstanceInfoReplicator-0] com.netflix.discovery.DiscoveryClient    : DiscoveryClient_DASHBOARD/dashboard:30f2ad95c18f1d7c34162e22c9cced27 - registration status: 204
2018-05-19 15:00:16.166 DEBUG 19958 --- [restartedMain] c.l.d.config.OAuth2Configuration$1       : Initializing filter 'oncePerRequestFilter'
2018-05-19 15:00:16.167 DEBUG 19958 --- [restartedMain] c.l.d.config.OAuth2Configuration$1       : Filter 'oncePerRequestFilter' configured successfully
2018-05-19 15:00:16.425  INFO 19958 --- [restartedMain] com.leanovia.dashboard.DashboardApp      : Started DashboardApp in 39.251 seconds (JVM running for 40.66)
2018-05-19 15:00:16.439  INFO 19958 --- [restartedMain] com.leanovia.dashboard.DashboardApp      : 
----------------------------------------------------------
	Application 'dashboard' is running! Access URLs:
	Local: 		http://localhost:8080
	External: 	http://127.0.1.1:8080
	Profile(s): 	[swagger, dev]
----------------------------------------------------------
2018-05-19 15:00:16.440  INFO 19958 --- [restartedMain] com.leanovia.dashboard.DashboardApp      : 
----------------------------------------------------------
	Config Server: 	Connected to the JHipster Registry config server!
----------------------------------------------------------
2018-05-19 15:00:19.661  INFO 19958 --- [hz.dashboard.HealthMonitor] c.h.internal.diagnostics.HealthMonitor   : [127.0.0.1]:13781 [dev] [3.9.3] processors=4, physical.memory.total=11.2G, physical.memory.free=131.9M, swap.space.total=11.4G, swap.space.free=5.7G, heap.memory.used=679.7M, heap.memory.free=382.3M, heap.memory.total=1.0G, heap.memory.max=2.5G, heap.memory.used/total=64.00%, heap.memory.used/max=26.72%, minor.gc.count=16, minor.gc.time=542ms, major.gc.count=4, major.gc.time=747ms, load.process=0.00%, load.system=66.67%, load.systemAverage=4.36, thread.count=60, thread.peakCount=62, cluster.timeDiff=0, event.q.size=0, executor.q.async.size=0, executor.q.client.size=0, executor.q.query.size=0, executor.q.scheduled.size=0, executor.q.io.size=0, executor.q.system.size=0, executor.q.operations.size=0, executor.q.priorityOperation.size=0, operations.completed.count=1, executor.q.mapLoad.size=0, executor.q.mapLoadAllKeys.size=0, executor.q.cluster.size=0, executor.q.response.size=0, operations.running.count=0, operations.pending.invocations.percentage=0.00%, operations.pending.invocations.count=0, proxy.count=0, clientEndpoint.count=0, connection.active.count=0, client.connection.count=0, connection.count=0
2018-05-19 15:04:12.016 DEBUG 19958 --- [XNIO-2 task-1] c.l.d.config.OAuth2Configuration         : Saving login origin URI: http://localhost:9000/
2018-05-19 15:04:17.629  INFO 19958 --- [XNIO-2 task-2] c.h.i.p.impl.PartitionStateManager       : [127.0.0.1]:13781 [dev] [3.9.3] Initializing cluster partition table arrangement...
2018-05-19 15:04:17.739 DEBUG 19958 --- [XNIO-2 task-2] c.l.d.s.o.CachedUserInfoTokenServices    : Getting user info from: http://localhost:9080/auth/realms/jhipster/protocol/openid-connect/userinfo
2018-05-19 15:04:17.909 DEBUG 19958 --- [XNIO-2 task-2] c.l.dashboard.aop.logging.LoggingAspect  : Enter: com.leanovia.dashboard.repository.CustomAuditEventRepository.add() with argument[s] = [AuditEvent [timestamp=2018-05-19T13:04:17.849Z, principal=aimen.el-abidi@leanovia.com, type=AUTHENTICATION_SUCCESS, data={details=remoteAddress=0:0:0:0:0:0:0:1, sessionId=<SESSION>, tokenType=bearertokenValue=<TOKEN>}]]
2018-05-19 15:04:18.147 DEBUG 19958 --- [XNIO-2 task-2] c.l.dashboard.aop.logging.LoggingAspect  : Exit: com.leanovia.dashboard.repository.CustomAuditEventRepository.add() with result = null
2018-05-19 15:04:18.197 DEBUG 19958 --- [XNIO-2 task-2] l.d.s.OAuth2AuthenticationSuccessHandler : Redirecting to saved login origin URI: http://localhost:9000/
2018-05-19 15:04:21.086 DEBUG 19958 --- [XNIO-2 task-4] c.l.dashboard.aop.logging.LoggingAspect  : Enter: com.leanovia.dashboard.web.rest.AccountResource.getAccount() with argument[s] = [org.springframework.security.oauth2.provider.OAuth2Authentication@43dc7148: Principal: aimen.el-abidi@leanovia.com; Credentials: [PROTECTED]; Authenticated: true; Details: remoteAddress=0:0:0:0:0:0:0:1, sessionId=<SESSION>, tokenType=bearertokenValue=<TOKEN>; Granted Authorities: ROLE_ADMIN, uma_authorization, offline_access, ROLE_USER]
2018-05-19 15:04:21.109 DEBUG 19958 --- [XNIO-2 task-4] c.l.dashboard.aop.logging.LoggingAspect  : Enter: com.leanovia.dashboard.service.UserService.getUserFromAuthentication() with argument[s] = [org.springframework.security.oauth2.provider.OAuth2Authentication@43dc7148: Principal: aimen.el-abidi@leanovia.com; Credentials: [PROTECTED]; Authenticated: true; Details: remoteAddress=0:0:0:0:0:0:0:1, sessionId=<SESSION>, tokenType=bearertokenValue=<TOKEN>; Granted Authorities: ROLE_ADMIN, uma_authorization, offline_access, ROLE_USER]
2018-05-19 15:04:21.783 DEBUG 19958 --- [XNIO-2 task-4] c.l.dashboard.service.UserService        : Updating user 'aimen.el-abidi@leanovia.com' in local database
2018-05-19 15:04:21.794 DEBUG 19958 --- [XNIO-2 task-4] c.l.dashboard.service.UserService        : Changed Information for User: User{login='aimen.el-abidi@leanovia.com', firstName='Aimen El', lastName='Abidi', email='aimen.el-abidi@leanovia.com', imageUrl='null', activated='true', langKey='null'}
2018-05-19 15:04:21.795 DEBUG 19958 --- [XNIO-2 task-4] c.l.dashboard.aop.logging.LoggingAspect  : Exit: com.leanovia.dashboard.service.UserService.getUserFromAuthentication() with result = UserDTO{login='aimen.el-abidi@leanovia.com', firstName='Aimen El', lastName='Abidi', email='aimen.el-abidi@leanovia.com', imageUrl='null', activated=true, langKey='null', createdBy=null, createdDate=2018-05-19T13:04:21.167Z, lastModifiedBy='null', lastModifiedDate=2018-05-19T13:04:21.167Z, authorities=[ROLE_USER, ROLE_ADMIN]}
2018-05-19 15:04:21.797 DEBUG 19958 --- [XNIO-2 task-4] c.l.dashboard.aop.logging.LoggingAspect  : Exit: com.leanovia.dashboard.web.rest.AccountResource.getAccount() with result = UserDTO{login='aimen.el-abidi@leanovia.com', firstName='Aimen El', lastName='Abidi', email='aimen.el-abidi@leanovia.com', imageUrl='null', activated=true, langKey='null', createdBy=null, createdDate=2018-05-19T13:04:21.167Z, lastModifiedBy='null', lastModifiedDate=2018-05-19T13:04:21.167Z, authorities=[ROLE_USER, ROLE_ADMIN]}
