2018-05-19 14:00:05.558  INFO 8099 --- [restartedMain] com.leanovia.consultant.ConsultantApp    : The following profiles are active: swagger,dev
2018-05-19 14:00:12.956 DEBUG 8099 --- [restartedMain] c.l.c.config.AsyncConfiguration          : Creating Async Task Executor
2018-05-19 14:00:14.390 DEBUG 8099 --- [restartedMain] c.l.c.config.MetricsConfiguration        : Registering JVM gauges
2018-05-19 14:00:14.635 DEBUG 8099 --- [restartedMain] c.l.c.config.MetricsConfiguration        : Monitoring the datasource
2018-05-19 14:00:15.096 DEBUG 8099 --- [restartedMain] c.l.c.config.MetricsConfiguration        : Initializing Metrics JMX reporting
2018-05-19 14:00:19.141 DEBUG 8099 --- [restartedMain] c.l.c.config.DatabaseConfiguration       : Configuring Liquibase
2018-05-19 14:00:19.202  WARN 8099 --- [consultant-Executor-1] i.g.j.c.liquibase.AsyncSpringLiquibase   : Starting Liquibase asynchronously, your database might not be ready at startup!
2018-05-19 14:00:24.582 DEBUG 8099 --- [consultant-Executor-1] i.g.j.c.liquibase.AsyncSpringLiquibase   : Liquibase has updated your database in 5356 ms
2018-05-19 14:00:24.585  WARN 8099 --- [consultant-Executor-1] i.g.j.c.liquibase.AsyncSpringLiquibase   : Warning, Liquibase took more than 5 seconds to start up!
2018-05-19 14:00:30.922  INFO 8099 --- [restartedMain] c.l.consultant.config.WebConfigurer      : Web application configuration, using profiles: swagger
2018-05-19 14:00:30.923 DEBUG 8099 --- [restartedMain] c.l.consultant.config.WebConfigurer      : Initializing Metrics registries
2018-05-19 14:00:30.935 DEBUG 8099 --- [restartedMain] c.l.consultant.config.WebConfigurer      : Registering Metrics Filter
2018-05-19 14:00:30.935 DEBUG 8099 --- [restartedMain] c.l.consultant.config.WebConfigurer      : Registering Metrics Servlet
2018-05-19 14:00:30.942  INFO 8099 --- [restartedMain] c.l.consultant.config.WebConfigurer      : Web application fully configured
2018-05-19 14:00:33.616  WARN 8099 --- [restartedMain] ConfigServletWebServerApplicationContext : Exception encountered during context initialization - cancelling refresh attempt: org.springframework.beans.factory.UnsatisfiedDependencyException: Error creating bean with name 'userService' defined in file [/home/aimen/Desktop/Jh/consultant/target/classes/com/leanovia/consultant/service/UserService.class]: Unsatisfied dependency expressed through constructor parameter 0; nested exception is org.springframework.beans.factory.BeanCreationException: Error creating bean with name 'userRepository': Invocation of init method failed; nested exception is java.lang.IllegalArgumentException: Failed to create query for method public abstract com.leanovia.consultant.domain.User com.leanovia.consultant.repository.UserRepository.findById()! No parameter available for part id SIMPLE_PROPERTY (1): [Is, Equals] NEVER.
2018-05-19 14:00:33.623  WARN 8099 --- [restartedMain] o.s.b.f.support.DisposableBeanAdapter    : Invocation of destroy method 'close' failed on bean with name 'eurekaRegistration': org.springframework.beans.factory.BeanCreationNotAllowedException: Error creating bean with name 'org.springframework.cloud.netflix.eureka.EurekaClientAutoConfiguration$RefreshableEurekaClientConfiguration': Singleton bean creation not allowed while singletons of this factory are in destruction (Do not request a bean from a BeanFactory in a destroy method implementation!)
2018-05-19 14:00:33.729 ERROR 8099 --- [restartedMain] o.s.boot.SpringApplication               : Application run failed

org.springframework.beans.factory.UnsatisfiedDependencyException: Error creating bean with name 'userService' defined in file [/home/aimen/Desktop/Jh/consultant/target/classes/com/leanovia/consultant/service/UserService.class]: Unsatisfied dependency expressed through constructor parameter 0; nested exception is org.springframework.beans.factory.BeanCreationException: Error creating bean with name 'userRepository': Invocation of init method failed; nested exception is java.lang.IllegalArgumentException: Failed to create query for method public abstract com.leanovia.consultant.domain.User com.leanovia.consultant.repository.UserRepository.findById()! No parameter available for part id SIMPLE_PROPERTY (1): [Is, Equals] NEVER.
	at org.springframework.beans.factory.support.ConstructorResolver.createArgumentArray(ConstructorResolver.java:729)
	at org.springframework.beans.factory.support.ConstructorResolver.autowireConstructor(ConstructorResolver.java:192)
	at org.springframework.beans.factory.support.AbstractAutowireCapableBeanFactory.autowireConstructor(AbstractAutowireCapableBeanFactory.java:1270)
	at org.springframework.beans.factory.support.AbstractAutowireCapableBeanFactory.createBeanInstance(AbstractAutowireCapableBeanFactory.java:1127)
	at org.springframework.beans.factory.support.AbstractAutowireCapableBeanFactory.doCreateBean(AbstractAutowireCapableBeanFactory.java:541)
	at org.springframework.beans.factory.support.AbstractAutowireCapableBeanFactory.createBean(AbstractAutowireCapableBeanFactory.java:501)
	at org.springframework.beans.factory.support.AbstractBeanFactory.lambda$doGetBean$0(AbstractBeanFactory.java:317)
	at org.springframework.beans.factory.support.DefaultSingletonBeanRegistry.getSingleton(DefaultSingletonBeanRegistry.java:228)
	at org.springframework.beans.factory.support.AbstractBeanFactory.doGetBean(AbstractBeanFactory.java:315)
	at org.springframework.beans.factory.support.AbstractBeanFactory.getBean(AbstractBeanFactory.java:199)
	at org.springframework.beans.factory.support.DefaultListableBeanFactory.preInstantiateSingletons(DefaultListableBeanFactory.java:760)
	at org.springframework.context.support.AbstractApplicationContext.finishBeanFactoryInitialization(AbstractApplicationContext.java:869)
	at org.springframework.context.support.AbstractApplicationContext.refresh(AbstractApplicationContext.java:550)
	at org.springframework.boot.web.servlet.context.ServletWebServerApplicationContext.refresh(ServletWebServerApplicationContext.java:140)
	at org.springframework.boot.SpringApplication.refresh(SpringApplication.java:759)
	at org.springframework.boot.SpringApplication.refreshContext(SpringApplication.java:395)
	at org.springframework.boot.SpringApplication.run(SpringApplication.java:327)
	at com.leanovia.consultant.ConsultantApp.main(ConsultantApp.java:63)
	at sun.reflect.NativeMethodAccessorImpl.invoke0(Native Method)
	at sun.reflect.NativeMethodAccessorImpl.invoke(NativeMethodAccessorImpl.java:62)
	at sun.reflect.DelegatingMethodAccessorImpl.invoke(DelegatingMethodAccessorImpl.java:43)
	at java.lang.reflect.Method.invoke(Method.java:498)
	at org.springframework.boot.devtools.restart.RestartLauncher.run(RestartLauncher.java:49)
Caused by: org.springframework.beans.factory.BeanCreationException: Error creating bean with name 'userRepository': Invocation of init method failed; nested exception is java.lang.IllegalArgumentException: Failed to create query for method public abstract com.leanovia.consultant.domain.User com.leanovia.consultant.repository.UserRepository.findById()! No parameter available for part id SIMPLE_PROPERTY (1): [Is, Equals] NEVER.
	at org.springframework.beans.factory.support.AbstractAutowireCapableBeanFactory.initializeBean(AbstractAutowireCapableBeanFactory.java:1702)
	at org.springframework.beans.factory.support.AbstractAutowireCapableBeanFactory.doCreateBean(AbstractAutowireCapableBeanFactory.java:579)
	at org.springframework.beans.factory.support.AbstractAutowireCapableBeanFactory.createBean(AbstractAutowireCapableBeanFactory.java:501)
	at org.springframework.beans.factory.support.AbstractBeanFactory.lambda$doGetBean$0(AbstractBeanFactory.java:317)
	at org.springframework.beans.factory.support.DefaultSingletonBeanRegistry.getSingleton(DefaultSingletonBeanRegistry.java:228)
	at org.springframework.beans.factory.support.AbstractBeanFactory.doGetBean(AbstractBeanFactory.java:315)
	at org.springframework.beans.factory.support.AbstractBeanFactory.getBean(AbstractBeanFactory.java:199)
	at org.springframework.beans.factory.config.DependencyDescriptor.resolveCandidate(DependencyDescriptor.java:251)
	at org.springframework.beans.factory.support.DefaultListableBeanFactory.doResolveDependency(DefaultListableBeanFactory.java:1138)
	at org.springframework.beans.factory.support.DefaultListableBeanFactory.resolveDependency(DefaultListableBeanFactory.java:1065)
	at org.springframework.beans.factory.support.ConstructorResolver.resolveAutowiredArgument(ConstructorResolver.java:815)
	at org.springframework.beans.factory.support.ConstructorResolver.createArgumentArray(ConstructorResolver.java:721)
	... 22 common frames omitted
Caused by: java.lang.IllegalArgumentException: Failed to create query for method public abstract com.leanovia.consultant.domain.User com.leanovia.consultant.repository.UserRepository.findById()! No parameter available for part id SIMPLE_PROPERTY (1): [Is, Equals] NEVER.
	at org.springframework.data.jpa.repository.query.PartTreeJpaQuery.<init>(PartTreeJpaQuery.java:82)
	at org.springframework.data.jpa.repository.query.JpaQueryLookupStrategy$CreateQueryLookupStrategy.resolveQuery(JpaQueryLookupStrategy.java:103)
	at org.springframework.data.jpa.repository.query.JpaQueryLookupStrategy$CreateIfNotFoundQueryLookupStrategy.resolveQuery(JpaQueryLookupStrategy.java:208)
	at org.springframework.data.jpa.repository.query.JpaQueryLookupStrategy$AbstractQueryLookupStrategy.resolveQuery(JpaQueryLookupStrategy.java:79)
	at org.springframework.data.repository.core.support.RepositoryFactorySupport$QueryExecutorMethodInterceptor.lookupQuery(RepositoryFactorySupport.java:553)
	at org.springframework.data.repository.core.support.RepositoryFactorySupport$QueryExecutorMethodInterceptor.lambda$mapMethodsToQuery$1(RepositoryFactorySupport.java:546)
	at java.util.stream.ReferencePipeline$3$1.accept(ReferencePipeline.java:193)
	at java.util.Iterator.forEachRemaining(Iterator.java:116)
	at java.util.Collections$UnmodifiableCollection$1.forEachRemaining(Collections.java:1049)
	at java.util.Spliterators$IteratorSpliterator.forEachRemaining(Spliterators.java:1801)
	at java.util.stream.AbstractPipeline.copyInto(AbstractPipeline.java:481)
	at java.util.stream.AbstractPipeline.wrapAndCopyInto(AbstractPipeline.java:471)
	at java.util.stream.ReduceOps$ReduceOp.evaluateSequential(ReduceOps.java:708)
	at java.util.stream.AbstractPipeline.evaluate(AbstractPipeline.java:234)
	at java.util.stream.ReferencePipeline.collect(ReferencePipeline.java:499)
	at org.springframework.data.repository.core.support.RepositoryFactorySupport$QueryExecutorMethodInterceptor.mapMethodsToQuery(RepositoryFactorySupport.java:548)
	at org.springframework.data.repository.core.support.RepositoryFactorySupport$QueryExecutorMethodInterceptor.lambda$new$0(RepositoryFactorySupport.java:538)
	at java.util.Optional.map(Optional.java:215)
	at org.springframework.data.repository.core.support.RepositoryFactorySupport$QueryExecutorMethodInterceptor.<init>(RepositoryFactorySupport.java:538)
	at org.springframework.data.repository.core.support.RepositoryFactorySupport.getRepository(RepositoryFactorySupport.java:317)
	at org.springframework.data.repository.core.support.RepositoryFactoryBeanSupport.lambda$afterPropertiesSet$3(RepositoryFactoryBeanSupport.java:287)
	at org.springframework.data.util.Lazy.getNullable(Lazy.java:141)
	at org.springframework.data.util.Lazy.get(Lazy.java:63)
	at org.springframework.data.repository.core.support.RepositoryFactoryBeanSupport.afterPropertiesSet(RepositoryFactoryBeanSupport.java:290)
	at org.springframework.data.jpa.repository.support.JpaRepositoryFactoryBean.afterPropertiesSet(JpaRepositoryFactoryBean.java:102)
	at org.springframework.beans.factory.support.AbstractAutowireCapableBeanFactory.invokeInitMethods(AbstractAutowireCapableBeanFactory.java:1761)
	at org.springframework.beans.factory.support.AbstractAutowireCapableBeanFactory.initializeBean(AbstractAutowireCapableBeanFactory.java:1698)
	... 33 common frames omitted
Caused by: java.lang.IllegalArgumentException: No parameter available for part id SIMPLE_PROPERTY (1): [Is, Equals] NEVER.
	at org.springframework.util.Assert.isTrue(Assert.java:116)
	at org.springframework.data.jpa.repository.query.ParameterMetadataProvider.next(ParameterMetadataProvider.java:123)
	at org.springframework.data.jpa.repository.query.JpaQueryCreator$PredicateBuilder.build(JpaQueryCreator.java:300)
	at org.springframework.data.jpa.repository.query.JpaQueryCreator.toPredicate(JpaQueryCreator.java:206)
	at org.springframework.data.jpa.repository.query.JpaQueryCreator.create(JpaQueryCreator.java:119)
	at org.springframework.data.jpa.repository.query.JpaQueryCreator.create(JpaQueryCreator.java:56)
	at org.springframework.data.repository.query.parser.AbstractQueryCreator.createCriteria(AbstractQueryCreator.java:119)
	at org.springframework.data.repository.query.parser.AbstractQueryCreator.createQuery(AbstractQueryCreator.java:95)
	at org.springframework.data.repository.query.parser.AbstractQueryCreator.createQuery(AbstractQueryCreator.java:81)
	at org.springframework.data.jpa.repository.query.PartTreeJpaQuery$QueryPreparer.<init>(PartTreeJpaQuery.java:145)
	at org.springframework.data.jpa.repository.query.PartTreeJpaQuery$CountQueryPreparer.<init>(PartTreeJpaQuery.java:268)
	at org.springframework.data.jpa.repository.query.PartTreeJpaQuery.<init>(PartTreeJpaQuery.java:77)
	... 59 common frames omitted

2018-05-19 14:02:48.818  INFO 8551 --- [restartedMain] com.leanovia.consultant.ConsultantApp    : The following profiles are active: swagger,dev
2018-05-19 14:02:56.268 DEBUG 8551 --- [restartedMain] c.l.c.config.AsyncConfiguration          : Creating Async Task Executor
2018-05-19 14:02:57.245 DEBUG 8551 --- [restartedMain] c.l.c.config.MetricsConfiguration        : Registering JVM gauges
2018-05-19 14:02:57.438 DEBUG 8551 --- [restartedMain] c.l.c.config.MetricsConfiguration        : Monitoring the datasource
2018-05-19 14:02:57.930 DEBUG 8551 --- [restartedMain] c.l.c.config.MetricsConfiguration        : Initializing Metrics JMX reporting
2018-05-19 14:03:00.921 DEBUG 8551 --- [restartedMain] c.l.c.config.DatabaseConfiguration       : Configuring Liquibase
2018-05-19 14:03:00.947  WARN 8551 --- [consultant-Executor-1] i.g.j.c.liquibase.AsyncSpringLiquibase   : Starting Liquibase asynchronously, your database might not be ready at startup!
2018-05-19 14:03:04.681 DEBUG 8551 --- [consultant-Executor-1] i.g.j.c.liquibase.AsyncSpringLiquibase   : Liquibase has updated your database in 3725 ms
2018-05-19 14:03:09.495  INFO 8551 --- [restartedMain] c.l.consultant.config.WebConfigurer      : Web application configuration, using profiles: swagger
2018-05-19 14:03:09.496 DEBUG 8551 --- [restartedMain] c.l.consultant.config.WebConfigurer      : Initializing Metrics registries
2018-05-19 14:03:09.503 DEBUG 8551 --- [restartedMain] c.l.consultant.config.WebConfigurer      : Registering Metrics Filter
2018-05-19 14:03:09.503 DEBUG 8551 --- [restartedMain] c.l.consultant.config.WebConfigurer      : Registering Metrics Servlet
2018-05-19 14:03:09.537  INFO 8551 --- [restartedMain] c.l.consultant.config.WebConfigurer      : Web application fully configured
2018-05-19 14:03:15.775  WARN 8551 --- [restartedMain] c.n.c.sources.URLConfigurationSource     : No URLs will be polled as dynamic configuration sources.
2018-05-19 14:03:15.792  WARN 8551 --- [restartedMain] c.n.c.sources.URLConfigurationSource     : No URLs will be polled as dynamic configuration sources.
2018-05-19 14:03:17.076 DEBUG 8551 --- [restartedMain] i.g.j.c.apidoc.SwaggerAutoConfiguration  : Starting Swagger
2018-05-19 14:03:17.113 DEBUG 8551 --- [restartedMain] i.g.j.c.apidoc.SwaggerAutoConfiguration  : Started Swagger in 26 ms
2018-05-19 14:03:20.576  INFO 8551 --- [restartedMain] com.netflix.discovery.DiscoveryClient    : Initializing Eureka in region us-east-1
2018-05-19 14:03:21.141  INFO 8551 --- [restartedMain] c.n.d.provider.DiscoveryJerseyProvider   : Using JSON encoding codec LegacyJacksonJson
2018-05-19 14:03:21.142  INFO 8551 --- [restartedMain] c.n.d.provider.DiscoveryJerseyProvider   : Using JSON decoding codec LegacyJacksonJson
2018-05-19 14:03:21.530  INFO 8551 --- [restartedMain] c.n.d.provider.DiscoveryJerseyProvider   : Using XML encoding codec XStreamXml
2018-05-19 14:03:21.530  INFO 8551 --- [restartedMain] c.n.d.provider.DiscoveryJerseyProvider   : Using XML decoding codec XStreamXml
2018-05-19 14:03:22.082  INFO 8551 --- [restartedMain] c.n.d.s.r.aws.ConfigClusterResolver      : Resolving eureka endpoints via configuration
2018-05-19 14:03:22.127  INFO 8551 --- [restartedMain] com.netflix.discovery.DiscoveryClient    : Disable delta property : false
2018-05-19 14:03:22.128  INFO 8551 --- [restartedMain] com.netflix.discovery.DiscoveryClient    : Single vip registry refresh property : null
2018-05-19 14:03:22.128  INFO 8551 --- [restartedMain] com.netflix.discovery.DiscoveryClient    : Force full registry fetch : false
2018-05-19 14:03:22.128  INFO 8551 --- [restartedMain] com.netflix.discovery.DiscoveryClient    : Application is null : false
2018-05-19 14:03:22.128  INFO 8551 --- [restartedMain] com.netflix.discovery.DiscoveryClient    : Registered Applications size is zero : true
2018-05-19 14:03:22.129  INFO 8551 --- [restartedMain] com.netflix.discovery.DiscoveryClient    : Application version is -1: true
2018-05-19 14:03:22.129  INFO 8551 --- [restartedMain] com.netflix.discovery.DiscoveryClient    : Getting all instance registry info from the eureka server
2018-05-19 14:03:22.628  INFO 8551 --- [restartedMain] com.netflix.discovery.DiscoveryClient    : The response status is 200
2018-05-19 14:03:22.647  INFO 8551 --- [restartedMain] com.netflix.discovery.DiscoveryClient    : Starting heartbeat executor: renew interval is: 5
2018-05-19 14:03:22.652  INFO 8551 --- [restartedMain] c.n.discovery.InstanceInfoReplicator     : InstanceInfoReplicator onDemand update allowed rate per min is 12
2018-05-19 14:03:22.673  INFO 8551 --- [restartedMain] com.netflix.discovery.DiscoveryClient    : Discovery Client initialized at timestamp 1526731402670 with initial instances count: 1
2018-05-19 14:03:22.707  INFO 8551 --- [restartedMain] com.netflix.discovery.DiscoveryClient    : Saw local status change event StatusChangeEvent [timestamp=1526731402707, current=UP, previous=STARTING]
2018-05-19 14:03:22.717  INFO 8551 --- [DiscoveryClient-InstanceInfoReplicator-0] com.netflix.discovery.DiscoveryClient    : DiscoveryClient_CONSULTANT/consultant:fbb9ff120e77f2a8ec1c61c830e8800e: registering service...
2018-05-19 14:03:22.816  INFO 8551 --- [DiscoveryClient-InstanceInfoReplicator-0] com.netflix.discovery.DiscoveryClient    : DiscoveryClient_CONSULTANT/consultant:fbb9ff120e77f2a8ec1c61c830e8800e - registration status: 204
2018-05-19 14:03:23.739  INFO 8551 --- [restartedMain] com.leanovia.consultant.ConsultantApp    : Started ConsultantApp in 42.932 seconds (JVM running for 45.978)
2018-05-19 14:03:23.753  INFO 8551 --- [restartedMain] com.leanovia.consultant.ConsultantApp    : 
----------------------------------------------------------
	Application 'consultant' is running! Access URLs:
	Local: 		http://localhost:8081
	External: 	http://127.0.1.1:8081
	Profile(s): 	[swagger, dev]
----------------------------------------------------------
2018-05-19 14:03:23.754  INFO 8551 --- [restartedMain] com.leanovia.consultant.ConsultantApp    : 
----------------------------------------------------------
	Config Server: 	Connected to the JHipster Registry config server!
----------------------------------------------------------
2018-05-19 14:04:00.229 DEBUG 8551 --- [XNIO-2 task-1] c.l.c.aop.logging.LoggingAspect          : Enter: com.leanovia.consultant.repository.CustomAuditEventRepository.add() with argument[s] = [AuditEvent [timestamp=2018-05-19T12:04:00.186Z, principal=aimen.el-abidi@leanovia.com, type=AUTHENTICATION_SUCCESS, data={details=remoteAddress=192.168.1.49, tokenType=bearertokenValue=<TOKEN>}]]
2018-05-19 14:04:00.495 DEBUG 8551 --- [XNIO-2 task-1] c.l.c.aop.logging.LoggingAspect          : Exit: com.leanovia.consultant.repository.CustomAuditEventRepository.add() with result = null
2018-05-19 14:04:00.654 DEBUG 8551 --- [XNIO-2 task-1] c.l.c.aop.logging.LoggingAspect          : Enter: com.leanovia.consultant.web.rest.UserResource.getAll() with argument[s] = []
2018-05-19 14:04:00.675 DEBUG 8551 --- [XNIO-2 task-1] c.l.c.aop.logging.LoggingAspect          : Enter: com.leanovia.consultant.service.UserService.getAllUsers() with argument[s] = []
2018-05-19 14:04:00.890 DEBUG 8551 --- [XNIO-2 task-2] c.l.c.aop.logging.LoggingAspect          : Enter: com.leanovia.consultant.repository.CustomAuditEventRepository.add() with argument[s] = [AuditEvent [timestamp=2018-05-19T12:04:00.886Z, principal=aimen.el-abidi@leanovia.com, type=AUTHENTICATION_SUCCESS, data={details=remoteAddress=192.168.1.49, tokenType=bearertokenValue=<TOKEN>}]]
2018-05-19 14:04:00.898 DEBUG 8551 --- [XNIO-2 task-2] c.l.c.aop.logging.LoggingAspect          : Exit: com.leanovia.consultant.repository.CustomAuditEventRepository.add() with result = null
2018-05-19 14:04:00.926 DEBUG 8551 --- [XNIO-2 task-2] c.l.c.aop.logging.LoggingAspect          : Enter: com.leanovia.consultant.web.rest.UserResource.getAll() with argument[s] = []
2018-05-19 14:04:00.932 DEBUG 8551 --- [XNIO-2 task-2] c.l.c.aop.logging.LoggingAspect          : Enter: com.leanovia.consultant.service.UserService.getAllUsers() with argument[s] = []
2018-05-19 14:04:01.053 DEBUG 8551 --- [XNIO-2 task-1] c.l.c.aop.logging.LoggingAspect          : Exit: com.leanovia.consultant.service.UserService.getAllUsers() with result = [User{id='12cf52f6-7515-4704-be99-862794a284dd', login='aimen.el-abidi@leanovia.com', firstName='Aimen El', lastName='Abidi', email='aimen.el-abidi@leanovia.com', activated=true, langKey='null', imageUrl='null', authorities=[Authority{name='ROLE_USER'}, Authority{name='ROLE_ADMIN'}]}]
2018-05-19 14:04:01.042 DEBUG 8551 --- [XNIO-2 task-2] c.l.c.aop.logging.LoggingAspect          : Exit: com.leanovia.consultant.service.UserService.getAllUsers() with result = [User{id='12cf52f6-7515-4704-be99-862794a284dd', login='aimen.el-abidi@leanovia.com', firstName='Aimen El', lastName='Abidi', email='aimen.el-abidi@leanovia.com', activated=true, langKey='null', imageUrl='null', authorities=[Authority{name='ROLE_USER'}, Authority{name='ROLE_ADMIN'}]}]
2018-05-19 14:04:01.100 DEBUG 8551 --- [XNIO-2 task-1] c.l.c.aop.logging.LoggingAspect          : Exit: com.leanovia.consultant.web.rest.UserResource.getAll() with result = from the consultant MS ! [User{id='12cf52f6-7515-4704-be99-862794a284dd', login='aimen.el-abidi@leanovia.com', firstName='Aimen El', lastName='Abidi', email='aimen.el-abidi@leanovia.com', activated=true, langKey='null', imageUrl='null', authorities=[Authority{name='ROLE_USER'}, Authority{name='ROLE_ADMIN'}]}]
2018-05-19 14:04:01.101 DEBUG 8551 --- [XNIO-2 task-2] c.l.c.aop.logging.LoggingAspect          : Exit: com.leanovia.consultant.web.rest.UserResource.getAll() with result = from the consultant MS ! [User{id='12cf52f6-7515-4704-be99-862794a284dd', login='aimen.el-abidi@leanovia.com', firstName='Aimen El', lastName='Abidi', email='aimen.el-abidi@leanovia.com', activated=true, langKey='null', imageUrl='null', authorities=[Authority{name='ROLE_USER'}, Authority{name='ROLE_ADMIN'}]}]
2018-05-19 14:08:22.139  INFO 8551 --- [AsyncResolver-bootstrap-executor-0] c.n.d.s.r.aws.ConfigClusterResolver      : Resolving eureka endpoints via configuration
2018-05-19 14:13:22.140  INFO 8551 --- [AsyncResolver-bootstrap-executor-0] c.n.d.s.r.aws.ConfigClusterResolver      : Resolving eureka endpoints via configuration
